C51 COMPILER V9.59.0.0   COMMON                                                            05/08/2025 14:42:45 PAGE 1   


C51 COMPILER V9.59.0.0, COMPILATION OF MODULE COMMON
OBJECT MODULE PLACED IN .\Objects\common.obj
COMPILER INVOKED BY: C:\Keil_v5\C51\BIN\C51.EXE common.c OPTIMIZE(8,SPEED) BROWSE DEBUG OBJECTEXTEND PRINT(.\Listings\co
                    -mmon.lst) TABS(2) OBJECT(.\Objects\common.obj)

line level    source

   1          /*------------------------------------------*/
   2          /*  file:     common.c          */
   3          /*  revision: 0 Samuel Lee        */
   4          /*        1 Samuel Lee  2015-04-12  */
   5          /*        2 Samuel Lee  2015-04-13  */
   6          /*                      */
   7          /*      (C)2012-2015 IES-Lab      */
   8          /*      All rights reserved.      */
   9          /*------------------------------------------*/
  10          
  11          /*------------------------------------------------------------------------------*/
  12          /*    INCLUDES                                  */
  13          /*------------------------------------------------------------------------------*/
  14          #include "common.h"
  15          
  16          /*------------------------------------------------------------------------------*/
  17          /*    GLOBAL FUNCTIONS (IMPLEMENTATIONS)                    */
  18          /*------------------------------------------------------------------------------*/
  19          unsigned char Reg_Field_Set(unsigned char Register, Bit_Mask_t Bit_Mask)
  20          {
  21   1        switch(Bit_Mask)
  22   1        {
  23   2          case BIT0:
  24   2            return (Register |= 0x01);
  25   2            break;
  26   2          
  27   2          case BIT1:
  28   2            return (Register |= 0x02);
  29   2            break;
  30   2          
  31   2          case BIT2:
  32   2            return (Register |= 0x04);
  33   2            break;
  34   2          
  35   2          case BIT3:
  36   2            return (Register |= 0x08);
  37   2            break;
  38   2          
  39   2          case BIT4:
  40   2            return (Register |= 0x10);
  41   2            break;
  42   2          
  43   2          case BIT5:
  44   2            return (Register |= 0x20);
  45   2            break;
  46   2          
  47   2          case BIT6:
  48   2            return (Register |= 0x40);
  49   2            break;
  50   2          
  51   2          case BIT7:
  52   2            return (Register |= 0x80);
  53   2          break;    
  54   2          
C51 COMPILER V9.59.0.0   COMMON                                                            05/08/2025 14:42:45 PAGE 2   

  55   2          default:
  56   2            return (Register);
  57   2            break;
  58   2        }
  59   1      }
  60          
  61          unsigned char Reg_Field_Clr(unsigned char Register, Bit_Mask_t Bit_Mask)
  62          {
  63   1        switch(Bit_Mask){
  64   2      
  65   2          case BIT0:
  66   2            return (Register &= 0xFE);
  67   2            break;
  68   2          
  69   2          case BIT1:
  70   2            return (Register &= 0xFD);
  71   2            break;
  72   2          
  73   2          case BIT2:
  74   2            return (Register &= 0xFB);
  75   2            break;
  76   2          
  77   2          case BIT3:
  78   2            return (Register &= 0xF7);
  79   2            break;
  80   2          
  81   2          case BIT4:
  82   2            return (Register &= 0xEF);
  83   2            break;
  84   2          
  85   2          case BIT5:
  86   2            return (Register &= 0xDF);
  87   2            break;
  88   2          
  89   2          case BIT6:
  90   2            return (Register &= 0xBF);
  91   2            break;
  92   2          
  93   2          case BIT7:
  94   2            return (Register &= 0x7F);
  95   2            break;    
  96   2          
  97   2          default:
  98   2            return (Register);
  99   2            break;
 100   2        }
 101   1      }
 102          
 103          void Loop_Delay(unsigned int loop)
 104          {
 105   1        unsigned int i,j;
 106   1      
 107   1        for(i=0; i<loop; i++)
 108   1        {
 109   2          for(j=0;j<1000;j++)
 110   2          {
 111   3      
 112   3          }
 113   2        }
 114   1      }
 115          
 116          void Delay1ms(void) 
C51 COMPILER V9.59.0.0   COMMON                                                            05/08/2025 14:42:45 PAGE 3   

 117          {
 118   1        unsigned  int  i  ;
 119   1        /* 2500 for 22.1184MHz crystal */
 120   1        for(i=0;i<2500;i++)
 121   1        { 
 122   2          
 123   2        }
 124   1      }
 125          
 126          /* end */


MODULE INFORMATION:   STATIC OVERLAYABLE
   CODE SIZE        =    203    ----
   CONSTANT SIZE    =   ----    ----
   XDATA SIZE       =   ----    ----
   PDATA SIZE       =   ----    ----
   DATA SIZE        =   ----    ----
   IDATA SIZE       =   ----    ----
   BIT SIZE         =   ----    ----
END OF MODULE INFORMATION.


C51 COMPILATION COMPLETE.  0 WARNING(S),  0 ERROR(S)
